[15:05:47] Auto-connecting to instrument...
[15:05:47] Starting connection process...
[15:05:47] Creating VISA connection...
[15:05:47] Connected to USB0::0x1AB1::0x0644::DG2P224100508::INSTR
[15:05:47] VISA Connect returned in 53ms
[15:05:47] Connected to Rigol DG2072
[15:05:47] Refreshing all instrument settings...
[15:05:47] Query: :SOUR1:FUNC?, Response: SIN
[15:05:47] Updating waveform selection - Device reports: SIN
[15:05:47] Selected waveform: Sine
[15:05:47] Setting FrequencyPeriodModeToggle visibility to Visible for waveform SINE
[15:05:47] Refreshed Sine parameters for CH1
[15:05:47] Query: SOURCE1:FREQuency?, Response: 1.000000E+03
[15:05:47] Query: SOURCE1:VOLTAGE?, Response: 5.000000E+00
[15:05:47] Query: SOURCE1:VOLTAGE:OFFSET?, Response: 0.000000E+00
[15:05:47] Query: SOURCE1:PHASE?, Response: 0.000000E+00
[15:05:47] Query: OUTPUT1?, Response: ON
[15:05:47] Setting FrequencyPeriodModeToggle visibility to Visible for waveform SINE
[15:05:47] Query: SOURCE1:AM:STATE?, Response: ON
[15:05:47] Device has modulation enabled - syncing UI state
[15:05:47] Refreshed Channel 1 settings
[15:05:47] Setting FrequencyPeriodModeToggle visibility to Visible for waveform SINE
[15:05:47] Query: OUTPUT1?, Response: ON
[15:05:47] Query: OUTPUT2?, Response: OFF
[15:05:47] Query: SOURCE1:AM:STATE?, Response: ON
[15:05:47] Device has AM modulation enabled - syncing UI state
[15:05:47] Instrument settings refreshed successfully
[15:05:47] ModulationPanel found: True
[15:05:47] ModulationToggleButton found: True
[15:05:47] ModulationTypeComboBox found: True
[15:05:47] Updated parameter UI for AM: Depth (%):
[15:05:47] ModulationPanel initially hidden
[15:05:47] Refreshing all instrument settings...
[15:05:47] Query: :SOUR1:FUNC?, Response: SIN
[15:05:47] Updating waveform selection - Device reports: SIN
[15:05:47] Selected waveform: Sine
[15:05:47] Setting FrequencyPeriodModeToggle visibility to Visible for waveform SINE
[15:05:47] Refreshed Sine parameters for CH1
[15:05:47] Query: SOURCE1:FREQuency?, Response: 1.000000E+03
[15:05:47] Query: SOURCE1:VOLTAGE?, Response: 5.000000E+00
[15:05:47] Query: SOURCE1:VOLTAGE:OFFSET?, Response: 0.000000E+00
[15:05:47] Query: SOURCE1:PHASE?, Response: 0.000000E+00
[15:05:47] Query: OUTPUT1?, Response: ON
[15:05:47] Setting FrequencyPeriodModeToggle visibility to Visible for waveform SINE
[15:05:47] Query: SOURCE1:AM:STATE?, Response: ON
[15:05:47] Device has modulation enabled - syncing UI state
[15:05:47] Refreshed Channel 1 settings
[15:05:47] Setting FrequencyPeriodModeToggle visibility to Visible for waveform SINE
[15:05:47] Query: OUTPUT1?, Response: ON
[15:05:47] Query: OUTPUT2?, Response: OFF
[15:05:47] Query: SOURCE1:AM:STATE?, Response: ON
[15:05:47] Device has AM modulation enabled - syncing UI state
[15:05:47] Instrument settings refreshed successfully
[15:05:47] Auto-connection successful
[15:05:48] Command sent: SOURCE1:FREQuency 1000
[15:05:48] Command sent: SOURCE1:FREQuency 1000
[15:05:48] Set CH1 frequency to 1000 Hz using SOURCE:FREQuency command directly
[15:05:48] Set CH1 frequency to 1000 Hz (1000 Hz)
[15:05:48] Command sent: SOURCE1:VOLTAGE 5
[15:05:48] Set CH1 amplitude to 5 Vpp (5 Vpp)
[15:05:48] Command sent: SOURCE1:VOLTAGE:OFFSET 0
[15:05:48] Set CH1 offset to 0 V (0 V)
[15:05:48] Command sent: SOURCE1:PHASE 0
[15:05:48] Query: SOURCE1:AM:STATE?, Response: ON
[15:05:48] Detected AM modulation active on device during startup
[15:24:25] Query: :SOUR1:FUNC?, Response: SIN
[15:24:25] Stored carrier settings: SIN @ 1000Hz, 5Vpp
[15:24:25] Applying AM modulation:
[15:24:25]   Carrier: SIN at 1000 Hz, 5 Vpp
[15:24:25]   Modulating: Sine at 100 Hz
[15:24:25]   Parameter: 50 (Depth (%):)
[15:24:25] Applying AM with carrier SIN @ 1000Hz
[15:24:25] Query: SOURCE1:AM:STATE?, Response: ON
[15:24:25] Command sent: SOURCE1:AM:DEPTH 50
[15:24:25] Command sent: SOURCE1:AM:DEPTH 50
[15:24:25] Command sent: SOURCE1:AM:INT:FREQ 100
[15:24:25] Command sent: SOURCE1:AM:INT:FREQ 100
[15:24:25] Command sent: SOURCE1:AM:DSSC OFF
[15:24:25] Command sent: SOURCE1:AM:DSSC OFF
[15:24:25] Modulation applied successfully
[15:24:25] Applying AM modulation:
[15:24:25]   Carrier: SIN at 1000 Hz, 5 Vpp
[15:24:25]   Modulating: SINE at 100 Hz
[15:24:25]   Parameter: 50 (Depth (%):)
[15:24:25] Applying AM with carrier SIN @ 1000Hz
[15:24:25] Query: SOURCE1:AM:STATE?, Response: ON
[15:24:25] Command sent: SOURCE1:AM:DEPTH 50
[15:24:25] Command sent: SOURCE1:AM:DEPTH 50
[15:24:25] Command sent: SOURCE1:AM:INT:FREQ 100
[15:24:25] Command sent: SOURCE1:AM:INT:FREQ 100
[15:24:25] Command sent: SOURCE1:AM:DSSC OFF
[15:24:25] Command sent: SOURCE1:AM:DSSC OFF
[15:24:25] Modulation applied successfully
[15:24:25] Applying AM modulation:
[15:24:25]   Carrier: SIN at 1000 Hz, 5 Vpp
[15:24:25]   Modulating: Sine at 100 Hz
[15:24:25]   Parameter: 50 (Depth (%):)
[15:24:25] Applying AM with carrier SIN @ 1000Hz
[15:24:25] Query: SOURCE1:AM:STATE?, Response: ON
[15:24:25] Command sent: SOURCE1:AM:DEPTH 50
[15:24:25] Command sent: SOURCE1:AM:DEPTH 50
[15:24:25] Command sent: SOURCE1:AM:INT:FREQ 100
[15:24:25] Command sent: SOURCE1:AM:INT:FREQ 100
[15:24:25] Command sent: SOURCE1:AM:DSSC OFF
[15:24:25] Command sent: SOURCE1:AM:DSSC OFF
[15:24:25] Modulation applied successfully
[15:24:25] Applying AM modulation:
[15:24:25]   Carrier: SIN at 1000 Hz, 5 Vpp
[15:24:25]   Modulating: Sine at 100 Hz
[15:24:25]   Parameter: 50 (Depth (%):)
[15:24:25] Applying AM with carrier SIN @ 1000Hz
[15:24:25] Query: SOURCE1:AM:STATE?, Response: ON
[15:24:25] Command sent: SOURCE1:AM:DEPTH 50
[15:24:25] Command sent: SOURCE1:AM:DEPTH 50
[15:24:25] Command sent: SOURCE1:AM:INT:FREQ 100
[15:24:25] Command sent: SOURCE1:AM:INT:FREQ 100
[15:24:25] Command sent: SOURCE1:AM:DSSC OFF
[15:24:25] Command sent: SOURCE1:AM:DSSC OFF
[15:24:25] Modulation applied successfully
[15:24:25] Applying AM modulation:
[15:24:25]   Carrier: SIN at 1000 Hz, 5 Vpp
[15:24:25]   Modulating: Sine at 100 Hz
[15:24:25]   Parameter: 50 (Depth (%):)
[15:24:25] Applying AM with carrier SIN @ 1000Hz
[15:24:25] Query: SOURCE1:AM:STATE?, Response: ON
[15:24:25] Command sent: SOURCE1:AM:DEPTH 50
[15:24:25] Command sent: SOURCE1:AM:DEPTH 50
[15:24:25] Command sent: SOURCE1:AM:INT:FREQ 100
[15:24:25] Command sent: SOURCE1:AM:INT:FREQ 100
[15:24:25] Command sent: SOURCE1:AM:DSSC OFF
[15:24:25] Command sent: SOURCE1:AM:DSSC OFF
[15:24:25] Modulation applied successfully
[15:24:25] Applying AM modulation:
[15:24:25]   Carrier: SIN at 1000 Hz, 5 Vpp
[15:24:25]   Modulating: Sine at 100 Hz
[15:24:25]   Parameter: 100 (Depth (%):)
[15:24:25] Applying AM with carrier SIN @ 1000Hz
[15:24:25] Query: SOURCE1:AM:STATE?, Response: ON
[15:24:25] Command sent: SOURCE1:AM:DEPTH 100
[15:24:25] Command sent: SOURCE1:AM:DEPTH 100
[15:24:25] Command sent: SOURCE1:AM:INT:FREQ 100
[15:24:25] Command sent: SOURCE1:AM:INT:FREQ 100
[15:24:25] Command sent: SOURCE1:AM:DSSC OFF
[15:24:25] Command sent: SOURCE1:AM:DSSC OFF
[15:24:25] Modulation applied successfully
[15:24:25] Updated parameter UI for AM: Depth (%):
[15:24:25] Applying AM modulation:
[15:24:25]   Carrier: SIN at 1000 Hz, 5 Vpp
[15:24:25]   Modulating: Sine at 100 Hz
[15:24:25]   Parameter: 100 (Depth (%):)
[15:24:25] Applying AM with carrier SIN @ 1000Hz
[15:24:25] Query: SOURCE1:AM:STATE?, Response: ON
[15:24:25] Command sent: SOURCE1:AM:DEPTH 100
[15:24:25] Command sent: SOURCE1:AM:DEPTH 100
[15:24:25] Command sent: SOURCE1:AM:INT:FREQ 100
[15:24:25] Command sent: SOURCE1:AM:INT:FREQ 100
[15:24:25] Command sent: SOURCE1:AM:DSSC OFF
[15:24:25] Command sent: SOURCE1:AM:DSSC OFF
[15:24:25] Modulation applied successfully
[15:24:25] Modulation enabled
[15:24:32] Applying PSK modulation:
[15:24:32]   Carrier: SIN at 1000 Hz, 5 Vpp
[15:24:32]   Modulating: Sine at 100 Hz
[15:24:32]   Parameter: 100 (Phase (°):)
[15:24:32] Applying PSK with carrier SIN @ 1000Hz
[15:24:32] Query: SOURCE1:PSK:STATE?, Response: OFF
[15:24:32] Command sent: SOURCE1:APPLY:SIN 1000,5,0,0
[15:24:32] Command sent: SOURCE1:APPLY:SIN 1000,5,0,0
[15:24:32] Command sent: SOURCE1:PSK:STATE ON
[15:24:32] Command sent: SOURCE1:PSK:STATE ON
[15:24:32] Command sent: SOURCE1:PSK:SOURCE INT
[15:24:32] Command sent: SOURCE1:PSK:SOURCE INT
[15:24:32] Command sent: SOURCE1:PSK:RATE 100
[15:24:32] Command sent: SOURCE1:PSK:RATE 100
[15:24:32] Command sent: SOURCE1:PSK:PHASE 100
[15:24:32] Command sent: SOURCE1:PSK:PHASE 100
[15:24:32] Modulation applied successfully
[15:24:32] Applying PSK modulation:
[15:24:32]   Carrier: SIN at 1000 Hz, 5 Vpp
[15:24:32]   Modulating: Sine at 100 Hz
[15:24:32]   Parameter: 100 (Phase (°):)
[15:24:32] Applying PSK with carrier SIN @ 1000Hz
[15:24:32] Query: SOURCE1:PSK:STATE?, Response: ON
[15:24:32] Command sent: SOURCE1:PSK:RATE 100
[15:24:32] Command sent: SOURCE1:PSK:RATE 100
[15:24:32] Command sent: SOURCE1:PSK:PHASE 100
[15:24:32] Command sent: SOURCE1:PSK:PHASE 100
[15:24:32] Modulation applied successfully
[15:24:32] Applying PSK modulation:
[15:24:32]   Carrier: SIN at 1000 Hz, 5 Vpp
[15:24:32]   Modulating: Sine at 100 Hz
[15:24:32]   Parameter: 90 (Phase (°):)
[15:24:32] Applying PSK with carrier SIN @ 1000Hz
[15:24:32] Query: SOURCE1:PSK:STATE?, Response: ON
[15:24:32] Command sent: SOURCE1:PSK:RATE 100
[15:24:32] Command sent: SOURCE1:PSK:RATE 100
[15:24:32] Command sent: SOURCE1:PSK:PHASE 90
[15:24:32] Command sent: SOURCE1:PSK:PHASE 90
[15:24:32] Modulation applied successfully
[15:24:32] Updated parameter UI for PSK: Phase (°):
[15:24:32] Applying PSK modulation:
[15:24:32]   Carrier: SIN at 1000 Hz, 5 Vpp
[15:24:32]   Modulating: SINE at 100 Hz
[15:24:32]   Parameter: 90 (Phase (°):)
[15:24:32] Applying PSK with carrier SIN @ 1000Hz
[15:24:32] Query: SOURCE1:PSK:STATE?, Response: ON
[15:24:32] Command sent: SOURCE1:PSK:RATE 100
[15:24:32] Command sent: SOURCE1:PSK:RATE 100
[15:24:32] Command sent: SOURCE1:PSK:PHASE 90
[15:24:32] Command sent: SOURCE1:PSK:PHASE 90
[15:24:32] Modulation applied successfully
[15:24:32] Applying PSK modulation:
[15:24:32]   Carrier: SIN at 1000 Hz, 5 Vpp
[15:24:32]   Modulating: Square at 100 Hz
[15:24:32]   Parameter: 90 (Phase (°):)
[15:24:32] Applying PSK with carrier SIN @ 1000Hz
[15:24:32] Query: SOURCE1:PSK:STATE?, Response: ON
[15:24:32] Command sent: SOURCE1:PSK:RATE 100
[15:24:32] Command sent: SOURCE1:PSK:RATE 100
[15:24:32] Command sent: SOURCE1:PSK:PHASE 90
[15:24:32] Command sent: SOURCE1:PSK:PHASE 90
[15:24:32] Modulation applied successfully
[15:24:32] Applying PSK modulation:
[15:24:32]   Carrier: SIN at 1000 Hz, 5 Vpp
[15:24:32]   Modulating: Square at 100 Hz
[15:24:32]   Parameter: 90 (Phase (°):)
[15:24:32] Applying PSK with carrier SIN @ 1000Hz
[15:24:32] Query: SOURCE1:PSK:STATE?, Response: ON
[15:24:32] Command sent: SOURCE1:PSK:RATE 100
[15:24:32] Command sent: SOURCE1:PSK:RATE 100
[15:24:32] Command sent: SOURCE1:PSK:PHASE 90
[15:24:32] Command sent: SOURCE1:PSK:PHASE 90
[15:24:32] Modulation applied successfully
[15:24:32] Modulation type changed to: PSK
[15:24:42] Applying FM modulation:
[15:24:42]   Carrier: SIN at 1000 Hz, 5 Vpp
[15:24:42]   Modulating: Square at 100 Hz
[15:24:42]   Parameter: 90 (Deviation:)
[15:24:42] Applying FM with carrier SIN @ 1000Hz
[15:24:42] Query: SOURCE1:FM:STATE?, Response: OFF
[15:24:42] Command sent: SOURCE1:APPLY:SIN 1000,5,0,0
[15:24:42] Command sent: SOURCE1:APPLY:SIN 1000,5,0,0
[15:24:42] Command sent: SOURCE1:FM:STATE ON
[15:24:42] Command sent: SOURCE1:FM:STATE ON
[15:24:42] Command sent: SOURCE1:FM:SOURCE INT
[15:24:42] Command sent: SOURCE1:FM:SOURCE INT
[15:24:42] Command sent: SOURCE1:FM:INT:FUNC SQU
[15:24:42] Command sent: SOURCE1:FM:INT:FUNC SQU
[15:24:42] Command sent: SOURCE1:FM:INT:FREQ 100
[15:24:42] Command sent: SOURCE1:FM:INT:FREQ 100
[15:24:42] Command sent: SOURCE1:FM:DEVIATION 90
[15:24:42] Command sent: SOURCE1:FM:DEVIATION 90
[15:24:42] Modulation applied successfully
[15:24:42] Applying FM modulation:
[15:24:42]   Carrier: SIN at 1000 Hz, 5 Vpp
[15:24:42]   Modulating: Square at 100 Hz
[15:24:42]   Parameter: 90000000 (Deviation:)
[15:24:42] Applying FM with carrier SIN @ 1000Hz
[15:24:42] Query: SOURCE1:FM:STATE?, Response: OFF
[15:24:42] Command sent: SOURCE1:APPLY:SIN 1000,5,0,0
[15:24:42] Command sent: SOURCE1:APPLY:SIN 1000,5,0,0
[15:24:42] Command sent: SOURCE1:FM:STATE ON
[15:24:42] Command sent: SOURCE1:FM:STATE ON
[15:24:42] Command sent: SOURCE1:FM:SOURCE INT
[15:24:42] Command sent: SOURCE1:FM:SOURCE INT
[15:24:42] Command sent: SOURCE1:FM:INT:FUNC SQU
[15:24:42] Command sent: SOURCE1:FM:INT:FUNC SQU
[15:24:42] Command sent: SOURCE1:FM:INT:FREQ 100
[15:24:42] Command sent: SOURCE1:FM:INT:FREQ 100
[15:24:42] Command sent: SOURCE1:FM:DEVIATION 90000000
[15:24:42] Command sent: SOURCE1:FM:DEVIATION 90000000
[15:24:42] Modulation applied successfully
[15:24:42] Applying FM modulation:
[15:24:42]   Carrier: SIN at 1000 Hz, 5 Vpp
[15:24:42]   Modulating: Square at 100 Hz
[15:24:42]   Parameter: 10000000 (Deviation:)
[15:24:42] Applying FM with carrier SIN @ 1000Hz
[15:24:42] Query: SOURCE1:FM:STATE?, Response: OFF
[15:24:42] Command sent: SOURCE1:APPLY:SIN 1000,5,0,0
[15:24:42] Command sent: SOURCE1:APPLY:SIN 1000,5,0,0
[15:24:42] Command sent: SOURCE1:FM:STATE ON
[15:24:42] Command sent: SOURCE1:FM:STATE ON
[15:24:42] Command sent: SOURCE1:FM:SOURCE INT
[15:24:42] Command sent: SOURCE1:FM:SOURCE INT
[15:24:42] Command sent: SOURCE1:FM:INT:FUNC SQU
[15:24:42] Command sent: SOURCE1:FM:INT:FUNC SQU
[15:24:42] Command sent: SOURCE1:FM:INT:FREQ 100
[15:24:42] Command sent: SOURCE1:FM:INT:FREQ 100
[15:24:42] Command sent: SOURCE1:FM:DEVIATION 10000000
[15:24:42] Command sent: SOURCE1:FM:DEVIATION 10000000
[15:24:42] Modulation applied successfully
[15:24:42] Updated parameter UI for FM: Deviation:
[15:24:42] Applying FM modulation:
[15:24:42]   Carrier: SIN at 1000 Hz, 5 Vpp
[15:24:42]   Modulating: SINE at 100 Hz
[15:24:42]   Parameter: 10000000 (Deviation:)
[15:24:42] Applying FM with carrier SIN @ 1000Hz
[15:24:42] Query: SOURCE1:FM:STATE?, Response: OFF
[15:24:42] Command sent: SOURCE1:APPLY:SIN 1000,5,0,0
[15:24:42] Command sent: SOURCE1:APPLY:SIN 1000,5,0,0
[15:24:43] Command sent: SOURCE1:FM:STATE ON
[15:24:43] Command sent: SOURCE1:FM:STATE ON
[15:24:43] Command sent: SOURCE1:FM:SOURCE INT
[15:24:43] Command sent: SOURCE1:FM:SOURCE INT
[15:24:43] Command sent: SOURCE1:FM:INT:FUNC SIN
[15:24:43] Command sent: SOURCE1:FM:INT:FUNC SIN
[15:24:43] Command sent: SOURCE1:FM:INT:FREQ 100
[15:24:43] Command sent: SOURCE1:FM:INT:FREQ 100
[15:24:43] Command sent: SOURCE1:FM:DEVIATION 10000000
[15:24:43] Command sent: SOURCE1:FM:DEVIATION 10000000
[15:24:43] Modulation applied successfully
[15:24:43] Applying FM modulation:
[15:24:43]   Carrier: SIN at 1000 Hz, 5 Vpp
[15:24:43]   Modulating: Sine at 100 Hz
[15:24:43]   Parameter: 10000000 (Deviation:)
[15:24:43] Applying FM with carrier SIN @ 1000Hz
[15:24:43] Query: SOURCE1:FM:STATE?, Response: OFF
[15:24:43] Command sent: SOURCE1:APPLY:SIN 1000,5,0,0
[15:24:43] Command sent: SOURCE1:APPLY:SIN 1000,5,0,0
[15:24:43] Command sent: SOURCE1:FM:STATE ON
[15:24:43] Command sent: SOURCE1:FM:STATE ON
[15:24:43] Command sent: SOURCE1:FM:SOURCE INT
[15:24:43] Command sent: SOURCE1:FM:SOURCE INT
[15:24:43] Command sent: SOURCE1:FM:INT:FUNC SIN
[15:24:43] Command sent: SOURCE1:FM:INT:FUNC SIN
[15:24:43] Command sent: SOURCE1:FM:INT:FREQ 100
[15:24:43] Command sent: SOURCE1:FM:INT:FREQ 100
[15:24:43] Command sent: SOURCE1:FM:DEVIATION 10000000
[15:24:43] Command sent: SOURCE1:FM:DEVIATION 10000000
[15:24:43] Modulation applied successfully
[15:24:43] Applying FM modulation:
[15:24:43]   Carrier: SIN at 1000 Hz, 5 Vpp
[15:24:43]   Modulating: Sine at 100 Hz
[15:24:43]   Parameter: 10000000 (Deviation:)
[15:24:43] Applying FM with carrier SIN @ 1000Hz
[15:24:43] Query: SOURCE1:FM:STATE?, Response: OFF
[15:24:43] Command sent: SOURCE1:APPLY:SIN 1000,5,0,0
[15:24:43] Command sent: SOURCE1:APPLY:SIN 1000,5,0,0
[15:24:43] Command sent: SOURCE1:FM:STATE ON
[15:24:43] Command sent: SOURCE1:FM:STATE ON
[15:24:43] Command sent: SOURCE1:FM:SOURCE INT
[15:24:43] Command sent: SOURCE1:FM:SOURCE INT
[15:24:43] Command sent: SOURCE1:FM:INT:FUNC SIN
[15:24:43] Command sent: SOURCE1:FM:INT:FUNC SIN
[15:24:43] Command sent: SOURCE1:FM:INT:FREQ 100
[15:24:43] Command sent: SOURCE1:FM:INT:FREQ 100
[15:24:43] Command sent: SOURCE1:FM:DEVIATION 10000000
[15:24:43] Command sent: SOURCE1:FM:DEVIATION 10000000
[15:24:43] Modulation applied successfully
[15:24:43] Modulation type changed to: FM